<?xml version="1.0" encoding="UTF-8"?>
<testsuite name="com.kjunias.test.AppTest" tests="1" failures="0" errors="0" timestamp="2014-05-17T20:13:47" hostname="mint" time="0.002">
  <properties/>
  <testcase name="testApp" classname="com.kjunias.test.AppTest" time="0.002"/>
  <system-out><![CDATA[]]></system-out>
  <system-err><![CDATA[]]></system-err>
</testsuite>
